/!\ FAILSAFE /!\  Mon Mar 01 15:17:26 -0500 2010
  Status: 500 Internal Server Error
  undefined local variable or method `glasner' for NimbleNodes::Server:Class
    /Users/glasner/code/nimble_nodes_test/config/../lib/nimble_nodes/lib/nimble_nodes/server.rb:16:in `url_to'
    /Users/glasner/code/nimble_nodes_test/config/../lib/nimble_nodes/lib/nimble_nodes/server.rb:8:in `post'
    /Users/glasner/code/nimble_nodes_test/config/../lib/nimble_nodes/lib/nimble_nodes/dynos.rb:27:in `report'
    /Users/glasner/code/nimble_nodes_test/config/../lib/nimble_nodes/lib/nimble_nodes/dynos.rb:7:in `inspect'
    /Users/glasner/code/nimble_nodes_test/config/../lib/nimble_nodes/lib/nimble_nodes/middleware.rb:9:in `call'
    /usr/local/lib/ruby/gems/1.8/gems/actionpack-2.3.5/lib/action_controller/string_coercion.rb:25:in `call'
    /usr/local/lib/ruby/gems/1.8/gems/rack-1.0.1/lib/rack/head.rb:9:in `call'
    /usr/local/lib/ruby/gems/1.8/gems/rack-1.0.1/lib/rack/methodoverride.rb:24:in `call'
    /usr/local/lib/ruby/gems/1.8/gems/actionpack-2.3.5/lib/action_controller/params_parser.rb:15:in `call'
    /usr/local/lib/ruby/gems/1.8/gems/actionpack-2.3.5/lib/action_controller/session/cookie_store.rb:93:in `call'
    /usr/local/lib/ruby/gems/1.8/gems/actionpack-2.3.5/lib/action_controller/failsafe.rb:26:in `call'
    /usr/local/lib/ruby/gems/1.8/gems/rack-1.0.1/lib/rack/lock.rb:11:in `call'
    /usr/local/lib/ruby/gems/1.8/gems/rack-1.0.1/lib/rack/lock.rb:11:in `synchronize'
    /usr/local/lib/ruby/gems/1.8/gems/rack-1.0.1/lib/rack/lock.rb:11:in `call'
    /usr/local/lib/ruby/gems/1.8/gems/actionpack-2.3.5/lib/action_controller/dispatcher.rb:114:in `call'
    /usr/local/lib/ruby/gems/1.8/gems/actionpack-2.3.5/lib/action_controller/reloader.rb:34:in `run'
    /usr/local/lib/ruby/gems/1.8/gems/actionpack-2.3.5/lib/action_controller/dispatcher.rb:108:in `call'
    /usr/local/lib/ruby/gems/1.8/gems/passenger-2.2.9/lib/phusion_passenger/rack/request_handler.rb:92:in `process_request'
    /usr/local/lib/ruby/gems/1.8/gems/passenger-2.2.9/lib/phusion_passenger/abstract_request_handler.rb:207:in `main_loop'
    /usr/local/lib/ruby/gems/1.8/gems/passenger-2.2.9/lib/phusion_passenger/railz/application_spawner.rb:400:in `start_request_handler'
    /usr/local/lib/ruby/gems/1.8/gems/passenger-2.2.9/lib/phusion_passenger/railz/application_spawner.rb:351:in `handle_spawn_application'
    /usr/local/lib/ruby/gems/1.8/gems/passenger-2.2.9/lib/phusion_passenger/utils.rb:184:in `safe_fork'
    /usr/local/lib/ruby/gems/1.8/gems/passenger-2.2.9/lib/phusion_passenger/railz/application_spawner.rb:349:in `handle_spawn_application'
    /usr/local/lib/ruby/gems/1.8/gems/passenger-2.2.9/lib/phusion_passenger/abstract_server.rb:352:in `__send__'
    /usr/local/lib/ruby/gems/1.8/gems/passenger-2.2.9/lib/phusion_passenger/abstract_server.rb:352:in `main_loop'
    /usr/local/lib/ruby/gems/1.8/gems/passenger-2.2.9/lib/phusion_passenger/abstract_server.rb:196:in `start_synchronously'
    /usr/local/lib/ruby/gems/1.8/gems/passenger-2.2.9/lib/phusion_passenger/abstract_server.rb:163:in `start'
    /usr/local/lib/ruby/gems/1.8/gems/passenger-2.2.9/lib/phusion_passenger/railz/application_spawner.rb:209:in `start'
    /usr/local/lib/ruby/gems/1.8/gems/passenger-2.2.9/lib/phusion_passenger/spawn_manager.rb:262:in `spawn_rails_application'
    /usr/local/lib/ruby/gems/1.8/gems/passenger-2.2.9/lib/phusion_passenger/abstract_server_collection.rb:126:in `lookup_or_add'
    /usr/local/lib/ruby/gems/1.8/gems/passenger-2.2.9/lib/phusion_passenger/spawn_manager.rb:256:in `spawn_rails_application'
    /usr/local/lib/ruby/gems/1.8/gems/passenger-2.2.9/lib/phusion_passenger/abstract_server_collection.rb:80:in `synchronize'
    /usr/local/lib/ruby/gems/1.8/gems/passenger-2.2.9/lib/phusion_passenger/abstract_server_collection.rb:79:in `synchronize'
    /usr/local/lib/ruby/gems/1.8/gems/passenger-2.2.9/lib/phusion_passenger/spawn_manager.rb:255:in `spawn_rails_application'
    /usr/local/lib/ruby/gems/1.8/gems/passenger-2.2.9/lib/phusion_passenger/spawn_manager.rb:154:in `spawn_application'
    /usr/local/lib/ruby/gems/1.8/gems/passenger-2.2.9/lib/phusion_passenger/spawn_manager.rb:287:in `handle_spawn_application'
    /usr/local/lib/ruby/gems/1.8/gems/passenger-2.2.9/lib/phusion_passenger/abstract_server.rb:352:in `__send__'
    /usr/local/lib/ruby/gems/1.8/gems/passenger-2.2.9/lib/phusion_passenger/abstract_server.rb:352:in `main_loop'
    /usr/local/lib/ruby/gems/1.8/gems/passenger-2.2.9/lib/phusion_passenger/abstract_server.rb:196:in `start_synchronously'
    /usr/local/lib/ruby/gems/1.8/gems/passenger-2.2.9/bin/passenger-spawn-server:61
/!\ FAILSAFE /!\  Mon Mar 01 15:18:45 -0500 2010
  Status: 500 Internal Server Error
  undefined local variable or method `glasner' for NimbleNodes::Server:Class
    /Users/glasner/code/nimble_nodes_test/config/../lib/nimble_nodes/lib/nimble_nodes/server.rb:16:in `url_to'
    /Users/glasner/code/nimble_nodes_test/config/../lib/nimble_nodes/lib/nimble_nodes/server.rb:8:in `post'
    /Users/glasner/code/nimble_nodes_test/config/../lib/nimble_nodes/lib/nimble_nodes/dynos.rb:27:in `report'
    /Users/glasner/code/nimble_nodes_test/config/../lib/nimble_nodes/lib/nimble_nodes/dynos.rb:7:in `inspect'
    /Users/glasner/code/nimble_nodes_test/config/../lib/nimble_nodes/lib/nimble_nodes/middleware.rb:9:in `call'
    /usr/local/lib/ruby/gems/1.8/gems/actionpack-2.3.5/lib/action_controller/string_coercion.rb:25:in `call'
    /usr/local/lib/ruby/gems/1.8/gems/rack-1.0.1/lib/rack/head.rb:9:in `call'
    /usr/local/lib/ruby/gems/1.8/gems/rack-1.0.1/lib/rack/methodoverride.rb:24:in `call'
    /usr/local/lib/ruby/gems/1.8/gems/actionpack-2.3.5/lib/action_controller/params_parser.rb:15:in `call'
    /usr/local/lib/ruby/gems/1.8/gems/actionpack-2.3.5/lib/action_controller/session/cookie_store.rb:93:in `call'
    /usr/local/lib/ruby/gems/1.8/gems/actionpack-2.3.5/lib/action_controller/failsafe.rb:26:in `call'
    /usr/local/lib/ruby/gems/1.8/gems/rack-1.0.1/lib/rack/lock.rb:11:in `call'
    /usr/local/lib/ruby/gems/1.8/gems/rack-1.0.1/lib/rack/lock.rb:11:in `synchronize'
    /usr/local/lib/ruby/gems/1.8/gems/rack-1.0.1/lib/rack/lock.rb:11:in `call'
    /usr/local/lib/ruby/gems/1.8/gems/actionpack-2.3.5/lib/action_controller/dispatcher.rb:114:in `call'
    /usr/local/lib/ruby/gems/1.8/gems/actionpack-2.3.5/lib/action_controller/reloader.rb:34:in `run'
    /usr/local/lib/ruby/gems/1.8/gems/actionpack-2.3.5/lib/action_controller/dispatcher.rb:108:in `call'
    /usr/local/lib/ruby/gems/1.8/gems/passenger-2.2.9/lib/phusion_passenger/rack/request_handler.rb:92:in `process_request'
    /usr/local/lib/ruby/gems/1.8/gems/passenger-2.2.9/lib/phusion_passenger/abstract_request_handler.rb:207:in `main_loop'
    /usr/local/lib/ruby/gems/1.8/gems/passenger-2.2.9/lib/phusion_passenger/railz/application_spawner.rb:400:in `start_request_handler'
    /usr/local/lib/ruby/gems/1.8/gems/passenger-2.2.9/lib/phusion_passenger/railz/application_spawner.rb:351:in `handle_spawn_application'
    /usr/local/lib/ruby/gems/1.8/gems/passenger-2.2.9/lib/phusion_passenger/utils.rb:184:in `safe_fork'
    /usr/local/lib/ruby/gems/1.8/gems/passenger-2.2.9/lib/phusion_passenger/railz/application_spawner.rb:349:in `handle_spawn_application'
    /usr/local/lib/ruby/gems/1.8/gems/passenger-2.2.9/lib/phusion_passenger/abstract_server.rb:352:in `__send__'
    /usr/local/lib/ruby/gems/1.8/gems/passenger-2.2.9/lib/phusion_passenger/abstract_server.rb:352:in `main_loop'
    /usr/local/lib/ruby/gems/1.8/gems/passenger-2.2.9/lib/phusion_passenger/abstract_server.rb:196:in `start_synchronously'
    /usr/local/lib/ruby/gems/1.8/gems/passenger-2.2.9/lib/phusion_passenger/abstract_server.rb:163:in `start'
    /usr/local/lib/ruby/gems/1.8/gems/passenger-2.2.9/lib/phusion_passenger/railz/application_spawner.rb:209:in `start'
    /usr/local/lib/ruby/gems/1.8/gems/passenger-2.2.9/lib/phusion_passenger/spawn_manager.rb:262:in `spawn_rails_application'
    /usr/local/lib/ruby/gems/1.8/gems/passenger-2.2.9/lib/phusion_passenger/abstract_server_collection.rb:126:in `lookup_or_add'
    /usr/local/lib/ruby/gems/1.8/gems/passenger-2.2.9/lib/phusion_passenger/spawn_manager.rb:256:in `spawn_rails_application'
    /usr/local/lib/ruby/gems/1.8/gems/passenger-2.2.9/lib/phusion_passenger/abstract_server_collection.rb:80:in `synchronize'
    /usr/local/lib/ruby/gems/1.8/gems/passenger-2.2.9/lib/phusion_passenger/abstract_server_collection.rb:79:in `synchronize'
    /usr/local/lib/ruby/gems/1.8/gems/passenger-2.2.9/lib/phusion_passenger/spawn_manager.rb:255:in `spawn_rails_application'
    /usr/local/lib/ruby/gems/1.8/gems/passenger-2.2.9/lib/phusion_passenger/spawn_manager.rb:154:in `spawn_application'
    /usr/local/lib/ruby/gems/1.8/gems/passenger-2.2.9/lib/phusion_passenger/spawn_manager.rb:287:in `handle_spawn_application'
    /usr/local/lib/ruby/gems/1.8/gems/passenger-2.2.9/lib/phusion_passenger/abstract_server.rb:352:in `__send__'
    /usr/local/lib/ruby/gems/1.8/gems/passenger-2.2.9/lib/phusion_passenger/abstract_server.rb:352:in `main_loop'
    /usr/local/lib/ruby/gems/1.8/gems/passenger-2.2.9/lib/phusion_passenger/abstract_server.rb:196:in `start_synchronously'
    /usr/local/lib/ruby/gems/1.8/gems/passenger-2.2.9/bin/passenger-spawn-server:61
/!\ FAILSAFE /!\  Mon Mar 01 15:19:05 -0500 2010
  Status: 500 Internal Server Error
  no such file to load -- sqlite3
    /usr/local/lib/ruby/site_ruby/1.8/rubygems/custom_require.rb:31:in `gem_original_require'
    /usr/local/lib/ruby/site_ruby/1.8/rubygems/custom_require.rb:31:in `require'
    /usr/local/lib/ruby/gems/1.8/gems/activesupport-2.3.5/lib/active_support/dependencies.rb:156:in `require'
    /usr/local/lib/ruby/gems/1.8/gems/activesupport-2.3.5/lib/active_support/dependencies.rb:521:in `new_constants_in'
    /usr/local/lib/ruby/gems/1.8/gems/activesupport-2.3.5/lib/active_support/dependencies.rb:156:in `require'
    /usr/local/lib/ruby/gems/1.8/gems/activesupport-2.3.5/lib/active_support/core_ext/kernel/requires.rb:7:in `require_library_or_gem'
    /usr/local/lib/ruby/gems/1.8/gems/activesupport-2.3.5/lib/active_support/core_ext/kernel/reporting.rb:11:in `silence_warnings'
    /usr/local/lib/ruby/gems/1.8/gems/activesupport-2.3.5/lib/active_support/core_ext/kernel/requires.rb:5:in `require_library_or_gem'
    /usr/local/lib/ruby/gems/1.8/gems/activerecord-2.3.5/lib/active_record/connection_adapters/sqlite3_adapter.rb:10:in `sqlite3_connection'
    /usr/local/lib/ruby/gems/1.8/gems/activerecord-2.3.5/lib/active_record/connection_adapters/abstract/connection_pool.rb:223:in `send'
    /usr/local/lib/ruby/gems/1.8/gems/activerecord-2.3.5/lib/active_record/connection_adapters/abstract/connection_pool.rb:223:in `new_connection'
    /usr/local/lib/ruby/gems/1.8/gems/activerecord-2.3.5/lib/active_record/connection_adapters/abstract/connection_pool.rb:245:in `checkout_new_connection'
    /usr/local/lib/ruby/gems/1.8/gems/activerecord-2.3.5/lib/active_record/connection_adapters/abstract/connection_pool.rb:188:in `checkout'
    /usr/local/lib/ruby/gems/1.8/gems/activerecord-2.3.5/lib/active_record/connection_adapters/abstract/connection_pool.rb:184:in `loop'
    /usr/local/lib/ruby/gems/1.8/gems/activerecord-2.3.5/lib/active_record/connection_adapters/abstract/connection_pool.rb:184:in `checkout'
    /usr/local/lib/ruby/1.8/monitor.rb:242:in `synchronize'
    /usr/local/lib/ruby/gems/1.8/gems/activerecord-2.3.5/lib/active_record/connection_adapters/abstract/connection_pool.rb:183:in `checkout'
    /usr/local/lib/ruby/gems/1.8/gems/activerecord-2.3.5/lib/active_record/connection_adapters/abstract/connection_pool.rb:98:in `connection'
    /usr/local/lib/ruby/gems/1.8/gems/activerecord-2.3.5/lib/active_record/connection_adapters/abstract/connection_pool.rb:326:in `retrieve_connection'
    /usr/local/lib/ruby/gems/1.8/gems/activerecord-2.3.5/lib/active_record/connection_adapters/abstract/connection_specification.rb:123:in `retrieve_connection'
    /usr/local/lib/ruby/gems/1.8/gems/activerecord-2.3.5/lib/active_record/connection_adapters/abstract/connection_specification.rb:115:in `connection'
    /usr/local/lib/ruby/gems/1.8/gems/activerecord-2.3.5/lib/active_record/query_cache.rb:9:in `cache'
    /usr/local/lib/ruby/gems/1.8/gems/activerecord-2.3.5/lib/active_record/query_cache.rb:28:in `call'
    /usr/local/lib/ruby/gems/1.8/gems/activerecord-2.3.5/lib/active_record/connection_adapters/abstract/connection_pool.rb:361:in `call'
    /Users/glasner/code/nimble_nodes_test/config/../lib/nimble_nodes/lib/nimble_nodes/middleware.rb:11:in `call'
    /usr/local/lib/ruby/gems/1.8/gems/actionpack-2.3.5/lib/action_controller/string_coercion.rb:25:in `call'
    /usr/local/lib/ruby/gems/1.8/gems/rack-1.0.1/lib/rack/head.rb:9:in `call'
    /usr/local/lib/ruby/gems/1.8/gems/rack-1.0.1/lib/rack/methodoverride.rb:24:in `call'
    /usr/local/lib/ruby/gems/1.8/gems/actionpack-2.3.5/lib/action_controller/params_parser.rb:15:in `call'
    /usr/local/lib/ruby/gems/1.8/gems/actionpack-2.3.5/lib/action_controller/session/cookie_store.rb:93:in `call'
    /usr/local/lib/ruby/gems/1.8/gems/actionpack-2.3.5/lib/action_controller/failsafe.rb:26:in `call'
    /usr/local/lib/ruby/gems/1.8/gems/rack-1.0.1/lib/rack/lock.rb:11:in `call'
    /usr/local/lib/ruby/gems/1.8/gems/rack-1.0.1/lib/rack/lock.rb:11:in `synchronize'
    /usr/local/lib/ruby/gems/1.8/gems/rack-1.0.1/lib/rack/lock.rb:11:in `call'
    /usr/local/lib/ruby/gems/1.8/gems/actionpack-2.3.5/lib/action_controller/dispatcher.rb:114:in `call'
    /usr/local/lib/ruby/gems/1.8/gems/actionpack-2.3.5/lib/action_controller/reloader.rb:34:in `run'
    /usr/local/lib/ruby/gems/1.8/gems/actionpack-2.3.5/lib/action_controller/dispatcher.rb:108:in `call'
    /usr/local/lib/ruby/gems/1.8/gems/passenger-2.2.9/lib/phusion_passenger/rack/request_handler.rb:92:in `process_request'
    /usr/local/lib/ruby/gems/1.8/gems/passenger-2.2.9/lib/phusion_passenger/abstract_request_handler.rb:207:in `main_loop'
    /usr/local/lib/ruby/gems/1.8/gems/passenger-2.2.9/lib/phusion_passenger/railz/application_spawner.rb:400:in `start_request_handler'
    /usr/local/lib/ruby/gems/1.8/gems/passenger-2.2.9/lib/phusion_passenger/railz/application_spawner.rb:351:in `handle_spawn_application'
    /usr/local/lib/ruby/gems/1.8/gems/passenger-2.2.9/lib/phusion_passenger/utils.rb:184:in `safe_fork'
    /usr/local/lib/ruby/gems/1.8/gems/passenger-2.2.9/lib/phusion_passenger/railz/application_spawner.rb:349:in `handle_spawn_application'
    /usr/local/lib/ruby/gems/1.8/gems/passenger-2.2.9/lib/phusion_passenger/abstract_server.rb:352:in `__send__'
    /usr/local/lib/ruby/gems/1.8/gems/passenger-2.2.9/lib/phusion_passenger/abstract_server.rb:352:in `main_loop'
    /usr/local/lib/ruby/gems/1.8/gems/passenger-2.2.9/lib/phusion_passenger/abstract_server.rb:196:in `start_synchronously'
    /usr/local/lib/ruby/gems/1.8/gems/passenger-2.2.9/lib/phusion_passenger/abstract_server.rb:163:in `start'
    /usr/local/lib/ruby/gems/1.8/gems/passenger-2.2.9/lib/phusion_passenger/railz/application_spawner.rb:209:in `start'
    /usr/local/lib/ruby/gems/1.8/gems/passenger-2.2.9/lib/phusion_passenger/spawn_manager.rb:262:in `spawn_rails_application'
    /usr/local/lib/ruby/gems/1.8/gems/passenger-2.2.9/lib/phusion_passenger/abstract_server_collection.rb:126:in `lookup_or_add'
    /usr/local/lib/ruby/gems/1.8/gems/passenger-2.2.9/lib/phusion_passenger/spawn_manager.rb:256:in `spawn_rails_application'
    /usr/local/lib/ruby/gems/1.8/gems/passenger-2.2.9/lib/phusion_passenger/abstract_server_collection.rb:80:in `synchronize'
    /usr/local/lib/ruby/gems/1.8/gems/passenger-2.2.9/lib/phusion_passenger/abstract_server_collection.rb:79:in `synchronize'
    /usr/local/lib/ruby/gems/1.8/gems/passenger-2.2.9/lib/phusion_passenger/spawn_manager.rb:255:in `spawn_rails_application'
    /usr/local/lib/ruby/gems/1.8/gems/passenger-2.2.9/lib/phusion_passenger/spawn_manager.rb:154:in `spawn_application'
    /usr/local/lib/ruby/gems/1.8/gems/passenger-2.2.9/lib/phusion_passenger/spawn_manager.rb:287:in `handle_spawn_application'
    /usr/local/lib/ruby/gems/1.8/gems/passenger-2.2.9/lib/phusion_passenger/abstract_server.rb:352:in `__send__'
    /usr/local/lib/ruby/gems/1.8/gems/passenger-2.2.9/lib/phusion_passenger/abstract_server.rb:352:in `main_loop'
    /usr/local/lib/ruby/gems/1.8/gems/passenger-2.2.9/lib/phusion_passenger/abstract_server.rb:196:in `start_synchronously'
    /usr/local/lib/ruby/gems/1.8/gems/passenger-2.2.9/bin/passenger-spawn-server:61
/!\ FAILSAFE /!\  Mon Mar 01 15:20:09 -0500 2010
  Status: 500 Internal Server Error
  uninitialized constant NimbleNodes::Server::Net
    /usr/local/lib/ruby/gems/1.8/gems/activesupport-2.3.5/lib/active_support/dependencies.rb:105:in `const_missing'
    /Users/glasner/code/nimble_nodes_test/config/../lib/nimble_nodes/lib/nimble_nodes/server.rb:9:in `post'
    /Users/glasner/code/nimble_nodes_test/config/../lib/nimble_nodes/lib/nimble_nodes/dynos.rb:27:in `report'
    /Users/glasner/code/nimble_nodes_test/config/../lib/nimble_nodes/lib/nimble_nodes/dynos.rb:7:in `inspect'
    /Users/glasner/code/nimble_nodes_test/config/../lib/nimble_nodes/lib/nimble_nodes/middleware.rb:9:in `call'
    /usr/local/lib/ruby/gems/1.8/gems/actionpack-2.3.5/lib/action_controller/string_coercion.rb:25:in `call'
    /usr/local/lib/ruby/gems/1.8/gems/rack-1.0.1/lib/rack/head.rb:9:in `call'
    /usr/local/lib/ruby/gems/1.8/gems/rack-1.0.1/lib/rack/methodoverride.rb:24:in `call'
    /usr/local/lib/ruby/gems/1.8/gems/actionpack-2.3.5/lib/action_controller/params_parser.rb:15:in `call'
    /usr/local/lib/ruby/gems/1.8/gems/actionpack-2.3.5/lib/action_controller/session/cookie_store.rb:93:in `call'
    /usr/local/lib/ruby/gems/1.8/gems/actionpack-2.3.5/lib/action_controller/failsafe.rb:26:in `call'
    /usr/local/lib/ruby/gems/1.8/gems/rack-1.0.1/lib/rack/lock.rb:11:in `call'
    /usr/local/lib/ruby/gems/1.8/gems/rack-1.0.1/lib/rack/lock.rb:11:in `synchronize'
    /usr/local/lib/ruby/gems/1.8/gems/rack-1.0.1/lib/rack/lock.rb:11:in `call'
    /usr/local/lib/ruby/gems/1.8/gems/actionpack-2.3.5/lib/action_controller/dispatcher.rb:114:in `call'
    /usr/local/lib/ruby/gems/1.8/gems/actionpack-2.3.5/lib/action_controller/reloader.rb:34:in `run'
    /usr/local/lib/ruby/gems/1.8/gems/actionpack-2.3.5/lib/action_controller/dispatcher.rb:108:in `call'
    /usr/local/lib/ruby/gems/1.8/gems/passenger-2.2.9/lib/phusion_passenger/rack/request_handler.rb:92:in `process_request'
    /usr/local/lib/ruby/gems/1.8/gems/passenger-2.2.9/lib/phusion_passenger/abstract_request_handler.rb:207:in `main_loop'
    /usr/local/lib/ruby/gems/1.8/gems/passenger-2.2.9/lib/phusion_passenger/railz/application_spawner.rb:400:in `start_request_handler'
    /usr/local/lib/ruby/gems/1.8/gems/passenger-2.2.9/lib/phusion_passenger/railz/application_spawner.rb:351:in `handle_spawn_application'
    /usr/local/lib/ruby/gems/1.8/gems/passenger-2.2.9/lib/phusion_passenger/utils.rb:184:in `safe_fork'
    /usr/local/lib/ruby/gems/1.8/gems/passenger-2.2.9/lib/phusion_passenger/railz/application_spawner.rb:349:in `handle_spawn_application'
    /usr/local/lib/ruby/gems/1.8/gems/passenger-2.2.9/lib/phusion_passenger/abstract_server.rb:352:in `__send__'
    /usr/local/lib/ruby/gems/1.8/gems/passenger-2.2.9/lib/phusion_passenger/abstract_server.rb:352:in `main_loop'
    /usr/local/lib/ruby/gems/1.8/gems/passenger-2.2.9/lib/phusion_passenger/abstract_server.rb:196:in `start_synchronously'
    /usr/local/lib/ruby/gems/1.8/gems/passenger-2.2.9/lib/phusion_passenger/abstract_server.rb:163:in `start'
    /usr/local/lib/ruby/gems/1.8/gems/passenger-2.2.9/lib/phusion_passenger/railz/application_spawner.rb:209:in `start'
    /usr/local/lib/ruby/gems/1.8/gems/passenger-2.2.9/lib/phusion_passenger/spawn_manager.rb:262:in `spawn_rails_application'
    /usr/local/lib/ruby/gems/1.8/gems/passenger-2.2.9/lib/phusion_passenger/abstract_server_collection.rb:126:in `lookup_or_add'
    /usr/local/lib/ruby/gems/1.8/gems/passenger-2.2.9/lib/phusion_passenger/spawn_manager.rb:256:in `spawn_rails_application'
    /usr/local/lib/ruby/gems/1.8/gems/passenger-2.2.9/lib/phusion_passenger/abstract_server_collection.rb:80:in `synchronize'
    /usr/local/lib/ruby/gems/1.8/gems/passenger-2.2.9/lib/phusion_passenger/abstract_server_collection.rb:79:in `synchronize'
    /usr/local/lib/ruby/gems/1.8/gems/passenger-2.2.9/lib/phusion_passenger/spawn_manager.rb:255:in `spawn_rails_application'
    /usr/local/lib/ruby/gems/1.8/gems/passenger-2.2.9/lib/phusion_passenger/spawn_manager.rb:154:in `spawn_application'
    /usr/local/lib/ruby/gems/1.8/gems/passenger-2.2.9/lib/phusion_passenger/spawn_manager.rb:287:in `handle_spawn_application'
    /usr/local/lib/ruby/gems/1.8/gems/passenger-2.2.9/lib/phusion_passenger/abstract_server.rb:352:in `__send__'
    /usr/local/lib/ruby/gems/1.8/gems/passenger-2.2.9/lib/phusion_passenger/abstract_server.rb:352:in `main_loop'
    /usr/local/lib/ruby/gems/1.8/gems/passenger-2.2.9/lib/phusion_passenger/abstract_server.rb:196:in `start_synchronously'
    /usr/local/lib/ruby/gems/1.8/gems/passenger-2.2.9/bin/passenger-spawn-server:61


Processing TestController#index (for 127.0.0.1 at 2010-03-01 15:20:40) [GET]
Rendering test/index
Completed in 17ms (View: 13 | 200 OK [http://nimble-nodes-test.local/test]


Processing TestController#index (for 127.0.0.1 at 2010-03-01 16:09:03) [GET]
Rendering test/index
Completed in 16ms (View: 12 | 200 OK [http://nimble-nodes-test.local/test]


Processing TestController#index (for 127.0.0.1 at 2010-03-01 16:10:03) [GET]
Rendering test/index
Completed in 5ms (View: 1 | 200 OK [http://nimble-nodes-test.local/test]


Processing TestController#index (for 127.0.0.1 at 2010-03-01 16:12:52) [GET]
Rendering test/index
Completed in 4ms (View: 1 | 200 OK [http://nimble-nodes-test.local/test]


Processing TestController#index (for 127.0.0.1 at 2010-03-01 16:13:54) [GET]
Rendering test/index
Completed in 5ms (View: 1 | 200 OK [http://nimble-nodes-test.local/test]


Processing TestController#index (for 127.0.0.1 at 2010-03-01 16:14:57) [GET]
Rendering test/index
Completed in 4ms (View: 1 | 200 OK [http://nimble-nodes-test.local/test]


Processing TestController#index (for 127.0.0.1 at 2010-03-02 21:57:58) [GET]
Rendering test/index
Completed in 15ms (View: 11 | 200 OK [http://nimble-nodes-test.local/test]


Processing TestController#index (for 127.0.0.1 at 2010-03-02 21:59:04) [GET]
Rendering test/index
Completed in 13ms (View: 10 | 200 OK [http://nimble-nodes-test.local/test]


Processing TestController#index (for 127.0.0.1 at 2010-03-02 22:00:15) [GET]
Rendering test/index
Completed in 4ms (View: 1 | 200 OK [http://nimble-nodes-test.local/test]


Processing TestController#index (for 127.0.0.1 at 2010-03-02 22:00:33) [GET]
Rendering test/index
Completed in 14ms (View: 10 | 200 OK [http://nimble-nodes-test.local/test]


Processing TestController#index (for 127.0.0.1 at 2010-03-02 22:02:16) [GET]
Rendering test/index
Completed in 14ms (View: 10 | 200 OK [http://nimble-nodes-test.local/test]


Processing TestController#index (for 127.0.0.1 at 2010-03-02 22:02:52) [GET]
Rendering test/index
Completed in 14ms (View: 10 | 200 OK [http://nimble-nodes-test.local/test]


Processing TestController#index (for 127.0.0.1 at 2010-03-02 22:03:02) [GET]
Rendering test/index
Completed in 4ms (View: 1 | 200 OK [http://nimble-nodes-test.local/test]


Processing TestController#index (for 127.0.0.1 at 2010-03-02 22:03:12) [GET]
Rendering test/index
Completed in 5ms (View: 1 | 200 OK [http://nimble-nodes-test.local/test]


Processing TestController#index (for 127.0.0.1 at 2010-03-02 22:03:53) [GET]
Rendering test/index
Completed in 14ms (View: 10 | 200 OK [http://nimble-nodes-test.local/test]


Processing TestController#index (for 127.0.0.1 at 2010-03-02 22:04:54) [GET]
Rendering test/index
Completed in 13ms (View: 10 | 200 OK [http://nimble-nodes-test.local/test]


Processing TestController#index (for 127.0.0.1 at 2010-03-02 22:06:14) [GET]
Rendering test/index
Completed in 14ms (View: 10 | 200 OK [http://nimble-nodes-test.local/test]


Processing TestController#index (for 127.0.0.1 at 2010-03-02 22:07:33) [GET]
Rendering test/index
Completed in 4ms (View: 1 | 200 OK [http://nimble-nodes-test.local/test]
/!\ FAILSAFE /!\  Wed Mar 03 18:48:07 -0500 2010
  Status: 500 Internal Server Error
  undefined method `>=' for nil:NilClass
    /usr/local/lib/ruby/gems/1.8/gems/activesupport-2.3.5/lib/active_support/whiny_nil.rb:52:in `method_missing'
    /Users/glasner/code/nimble_nodes_test/config/../lib/nimble_nodes/lib/nimble_nodes/report.rb:21:in `dynos_maxed_out?'
    /Users/glasner/code/nimble_nodes_test/config/../lib/nimble_nodes/lib/nimble_nodes/report.rb:17:in `post?'
    /Users/glasner/code/nimble_nodes_test/config/../lib/nimble_nodes/lib/nimble_nodes/middleware.rb:10:in `call'
    /usr/local/lib/ruby/gems/1.8/gems/actionpack-2.3.5/lib/action_controller/string_coercion.rb:25:in `call'
    /usr/local/lib/ruby/gems/1.8/gems/rack-1.0.1/lib/rack/head.rb:9:in `call'
    /usr/local/lib/ruby/gems/1.8/gems/rack-1.0.1/lib/rack/methodoverride.rb:24:in `call'
    /usr/local/lib/ruby/gems/1.8/gems/actionpack-2.3.5/lib/action_controller/params_parser.rb:15:in `call'
    /usr/local/lib/ruby/gems/1.8/gems/actionpack-2.3.5/lib/action_controller/session/cookie_store.rb:93:in `call'
    /usr/local/lib/ruby/gems/1.8/gems/actionpack-2.3.5/lib/action_controller/failsafe.rb:26:in `call'
    /usr/local/lib/ruby/gems/1.8/gems/rack-1.0.1/lib/rack/lock.rb:11:in `call'
    /usr/local/lib/ruby/gems/1.8/gems/rack-1.0.1/lib/rack/lock.rb:11:in `synchronize'
    /usr/local/lib/ruby/gems/1.8/gems/rack-1.0.1/lib/rack/lock.rb:11:in `call'
    /usr/local/lib/ruby/gems/1.8/gems/actionpack-2.3.5/lib/action_controller/dispatcher.rb:114:in `call'
    /usr/local/lib/ruby/gems/1.8/gems/actionpack-2.3.5/lib/action_controller/reloader.rb:34:in `run'
    /usr/local/lib/ruby/gems/1.8/gems/actionpack-2.3.5/lib/action_controller/dispatcher.rb:108:in `call'
    /usr/local/lib/ruby/gems/1.8/gems/passenger-2.2.9/lib/phusion_passenger/rack/request_handler.rb:92:in `process_request'
    /usr/local/lib/ruby/gems/1.8/gems/passenger-2.2.9/lib/phusion_passenger/abstract_request_handler.rb:207:in `main_loop'
    /usr/local/lib/ruby/gems/1.8/gems/passenger-2.2.9/lib/phusion_passenger/railz/application_spawner.rb:400:in `start_request_handler'
    /usr/local/lib/ruby/gems/1.8/gems/passenger-2.2.9/lib/phusion_passenger/railz/application_spawner.rb:351:in `handle_spawn_application'
    /usr/local/lib/ruby/gems/1.8/gems/passenger-2.2.9/lib/phusion_passenger/utils.rb:184:in `safe_fork'
    /usr/local/lib/ruby/gems/1.8/gems/passenger-2.2.9/lib/phusion_passenger/railz/application_spawner.rb:349:in `handle_spawn_application'
    /usr/local/lib/ruby/gems/1.8/gems/passenger-2.2.9/lib/phusion_passenger/abstract_server.rb:352:in `__send__'
    /usr/local/lib/ruby/gems/1.8/gems/passenger-2.2.9/lib/phusion_passenger/abstract_server.rb:352:in `main_loop'
    /usr/local/lib/ruby/gems/1.8/gems/passenger-2.2.9/lib/phusion_passenger/abstract_server.rb:196:in `start_synchronously'
    /usr/local/lib/ruby/gems/1.8/gems/passenger-2.2.9/lib/phusion_passenger/abstract_server.rb:163:in `start'
    /usr/local/lib/ruby/gems/1.8/gems/passenger-2.2.9/lib/phusion_passenger/railz/application_spawner.rb:209:in `start'
    /usr/local/lib/ruby/gems/1.8/gems/passenger-2.2.9/lib/phusion_passenger/spawn_manager.rb:262:in `spawn_rails_application'
    /usr/local/lib/ruby/gems/1.8/gems/passenger-2.2.9/lib/phusion_passenger/abstract_server_collection.rb:126:in `lookup_or_add'
    /usr/local/lib/ruby/gems/1.8/gems/passenger-2.2.9/lib/phusion_passenger/spawn_manager.rb:256:in `spawn_rails_application'
    /usr/local/lib/ruby/gems/1.8/gems/passenger-2.2.9/lib/phusion_passenger/abstract_server_collection.rb:80:in `synchronize'
    /usr/local/lib/ruby/gems/1.8/gems/passenger-2.2.9/lib/phusion_passenger/abstract_server_collection.rb:79:in `synchronize'
    /usr/local/lib/ruby/gems/1.8/gems/passenger-2.2.9/lib/phusion_passenger/spawn_manager.rb:255:in `spawn_rails_application'
    /usr/local/lib/ruby/gems/1.8/gems/passenger-2.2.9/lib/phusion_passenger/spawn_manager.rb:154:in `spawn_application'
    /usr/local/lib/ruby/gems/1.8/gems/passenger-2.2.9/lib/phusion_passenger/spawn_manager.rb:287:in `handle_spawn_application'
    /usr/local/lib/ruby/gems/1.8/gems/passenger-2.2.9/lib/phusion_passenger/abstract_server.rb:352:in `__send__'
    /usr/local/lib/ruby/gems/1.8/gems/passenger-2.2.9/lib/phusion_passenger/abstract_server.rb:352:in `main_loop'
    /usr/local/lib/ruby/gems/1.8/gems/passenger-2.2.9/lib/phusion_passenger/abstract_server.rb:196:in `start_synchronously'
    /usr/local/lib/ruby/gems/1.8/gems/passenger-2.2.9/bin/passenger-spawn-server:61
/!\ FAILSAFE /!\  Wed Mar 03 18:49:10 -0500 2010
  Status: 500 Internal Server Error
  undefined method `>=' for nil:NilClass
    /usr/local/lib/ruby/gems/1.8/gems/activesupport-2.3.5/lib/active_support/whiny_nil.rb:52:in `method_missing'
    /Users/glasner/code/nimble_nodes_test/config/../lib/nimble_nodes/lib/nimble_nodes/report.rb:21:in `dynos_maxed_out?'
    /Users/glasner/code/nimble_nodes_test/config/../lib/nimble_nodes/lib/nimble_nodes/report.rb:17:in `post?'
    /Users/glasner/code/nimble_nodes_test/config/../lib/nimble_nodes/lib/nimble_nodes/middleware.rb:10:in `call'
    /usr/local/lib/ruby/gems/1.8/gems/actionpack-2.3.5/lib/action_controller/string_coercion.rb:25:in `call'
    /usr/local/lib/ruby/gems/1.8/gems/rack-1.0.1/lib/rack/head.rb:9:in `call'
    /usr/local/lib/ruby/gems/1.8/gems/rack-1.0.1/lib/rack/methodoverride.rb:24:in `call'
    /usr/local/lib/ruby/gems/1.8/gems/actionpack-2.3.5/lib/action_controller/params_parser.rb:15:in `call'
    /usr/local/lib/ruby/gems/1.8/gems/actionpack-2.3.5/lib/action_controller/session/cookie_store.rb:93:in `call'
    /usr/local/lib/ruby/gems/1.8/gems/actionpack-2.3.5/lib/action_controller/failsafe.rb:26:in `call'
    /usr/local/lib/ruby/gems/1.8/gems/rack-1.0.1/lib/rack/lock.rb:11:in `call'
    /usr/local/lib/ruby/gems/1.8/gems/rack-1.0.1/lib/rack/lock.rb:11:in `synchronize'
    /usr/local/lib/ruby/gems/1.8/gems/rack-1.0.1/lib/rack/lock.rb:11:in `call'
    /usr/local/lib/ruby/gems/1.8/gems/actionpack-2.3.5/lib/action_controller/dispatcher.rb:114:in `call'
    /usr/local/lib/ruby/gems/1.8/gems/actionpack-2.3.5/lib/action_controller/reloader.rb:34:in `run'
    /usr/local/lib/ruby/gems/1.8/gems/actionpack-2.3.5/lib/action_controller/dispatcher.rb:108:in `call'
    /usr/local/lib/ruby/gems/1.8/gems/passenger-2.2.9/lib/phusion_passenger/rack/request_handler.rb:92:in `process_request'
    /usr/local/lib/ruby/gems/1.8/gems/passenger-2.2.9/lib/phusion_passenger/abstract_request_handler.rb:207:in `main_loop'
    /usr/local/lib/ruby/gems/1.8/gems/passenger-2.2.9/lib/phusion_passenger/railz/application_spawner.rb:400:in `start_request_handler'
    /usr/local/lib/ruby/gems/1.8/gems/passenger-2.2.9/lib/phusion_passenger/railz/application_spawner.rb:351:in `handle_spawn_application'
    /usr/local/lib/ruby/gems/1.8/gems/passenger-2.2.9/lib/phusion_passenger/utils.rb:184:in `safe_fork'
    /usr/local/lib/ruby/gems/1.8/gems/passenger-2.2.9/lib/phusion_passenger/railz/application_spawner.rb:349:in `handle_spawn_application'
    /usr/local/lib/ruby/gems/1.8/gems/passenger-2.2.9/lib/phusion_passenger/abstract_server.rb:352:in `__send__'
    /usr/local/lib/ruby/gems/1.8/gems/passenger-2.2.9/lib/phusion_passenger/abstract_server.rb:352:in `main_loop'
    /usr/local/lib/ruby/gems/1.8/gems/passenger-2.2.9/lib/phusion_passenger/abstract_server.rb:196:in `start_synchronously'
    /usr/local/lib/ruby/gems/1.8/gems/passenger-2.2.9/lib/phusion_passenger/abstract_server.rb:163:in `start'
    /usr/local/lib/ruby/gems/1.8/gems/passenger-2.2.9/lib/phusion_passenger/railz/application_spawner.rb:209:in `start'
    /usr/local/lib/ruby/gems/1.8/gems/passenger-2.2.9/lib/phusion_passenger/spawn_manager.rb:262:in `spawn_rails_application'
    /usr/local/lib/ruby/gems/1.8/gems/passenger-2.2.9/lib/phusion_passenger/abstract_server_collection.rb:126:in `lookup_or_add'
    /usr/local/lib/ruby/gems/1.8/gems/passenger-2.2.9/lib/phusion_passenger/spawn_manager.rb:256:in `spawn_rails_application'
    /usr/local/lib/ruby/gems/1.8/gems/passenger-2.2.9/lib/phusion_passenger/abstract_server_collection.rb:80:in `synchronize'
    /usr/local/lib/ruby/gems/1.8/gems/passenger-2.2.9/lib/phusion_passenger/abstract_server_collection.rb:79:in `synchronize'
    /usr/local/lib/ruby/gems/1.8/gems/passenger-2.2.9/lib/phusion_passenger/spawn_manager.rb:255:in `spawn_rails_application'
    /usr/local/lib/ruby/gems/1.8/gems/passenger-2.2.9/lib/phusion_passenger/spawn_manager.rb:154:in `spawn_application'
    /usr/local/lib/ruby/gems/1.8/gems/passenger-2.2.9/lib/phusion_passenger/spawn_manager.rb:287:in `handle_spawn_application'
    /usr/local/lib/ruby/gems/1.8/gems/passenger-2.2.9/lib/phusion_passenger/abstract_server.rb:352:in `__send__'
    /usr/local/lib/ruby/gems/1.8/gems/passenger-2.2.9/lib/phusion_passenger/abstract_server.rb:352:in `main_loop'
    /usr/local/lib/ruby/gems/1.8/gems/passenger-2.2.9/lib/phusion_passenger/abstract_server.rb:196:in `start_synchronously'
    /usr/local/lib/ruby/gems/1.8/gems/passenger-2.2.9/bin/passenger-spawn-server:61


Processing TestController#index (for 127.0.0.1 at 2010-03-03 18:49:34) [GET]
Rendering test/index
Completed in 18ms (View: 13 | 200 OK [http://nimble-nodes-test.local/test]


Processing TestController#index (for 127.0.0.1 at 2010-03-03 18:49:48) [GET]
Rendering test/index
Completed in 5ms (View: 1 | 200 OK [http://nimble-nodes-test.local/test]


Processing TestController#index (for 127.0.0.1 at 2010-03-03 18:49:59) [GET]
Rendering test/index
Completed in 16ms (View: 12 | 200 OK [http://nimble-nodes-test.local/test]


Processing TestController#index (for 127.0.0.1 at 2010-03-03 18:50:55) [GET]
Rendering test/index
Completed in 5ms (View: 1 | 200 OK [http://nimble-nodes-test.local/test]


Processing TestController#index (for 127.0.0.1 at 2010-03-03 18:51:22) [GET]
Rendering test/index
Completed in 5ms (View: 1 | 200 OK [http://nimble-nodes-test.local/test]


Processing TestController#index (for 127.0.0.1 at 2010-03-03 18:52:00) [GET]
Rendering test/index
Completed in 5ms (View: 1 | 200 OK [http://nimble-nodes-test.local/test]


Processing TestController#index (for 127.0.0.1 at 2010-03-03 18:52:28) [GET]
Rendering test/index
Completed in 5ms (View: 1 | 200 OK [http://nimble-nodes-test.local/test]


Processing TestController#index (for 127.0.0.1 at 2010-03-03 18:52:59) [GET]
Rendering test/index
Completed in 4ms (View: 1 | 200 OK [http://nimble-nodes-test.local/test]


Processing TestController#index (for 127.0.0.1 at 2010-03-03 18:54:18) [GET]
Rendering test/index
Completed in 4ms (View: 1 | 200 OK [http://nimble-nodes-test.local/test]


Processing TestController#index (for 127.0.0.1 at 2010-03-03 18:54:25) [GET]
Rendering test/index
Completed in 4ms (View: 1 | 200 OK [http://nimble-nodes-test.local/test]


Processing TestController#index (for 127.0.0.1 at 2010-03-03 19:50:24) [GET]
Rendering test/index
Completed in 17ms (View: 13 | 200 OK [http://nimble-nodes-test.local/test]
/!\ FAILSAFE /!\  Wed Mar 03 20:22:46 -0500 2010
  Status: 500 Internal Server Error
  undefined local variable or method `request' for #<NimbleNodes::Middleware:0x102c59a38>
    /usr/local/lib/ruby/gems/1.8/gems/nimble_nodes-0.1.1/lib/nimble_nodes/middleware.rb:9:in `call'
    /usr/local/lib/ruby/gems/1.8/gems/actionpack-2.3.5/lib/action_controller/string_coercion.rb:25:in `call'
    /usr/local/lib/ruby/gems/1.8/gems/rack-1.0.1/lib/rack/head.rb:9:in `call'
    /usr/local/lib/ruby/gems/1.8/gems/rack-1.0.1/lib/rack/methodoverride.rb:24:in `call'
    /usr/local/lib/ruby/gems/1.8/gems/actionpack-2.3.5/lib/action_controller/params_parser.rb:15:in `call'
    /usr/local/lib/ruby/gems/1.8/gems/actionpack-2.3.5/lib/action_controller/session/cookie_store.rb:93:in `call'
    /usr/local/lib/ruby/gems/1.8/gems/actionpack-2.3.5/lib/action_controller/failsafe.rb:26:in `call'
    /usr/local/lib/ruby/gems/1.8/gems/rack-1.0.1/lib/rack/lock.rb:11:in `call'
    /usr/local/lib/ruby/gems/1.8/gems/rack-1.0.1/lib/rack/lock.rb:11:in `synchronize'
    /usr/local/lib/ruby/gems/1.8/gems/rack-1.0.1/lib/rack/lock.rb:11:in `call'
    /usr/local/lib/ruby/gems/1.8/gems/actionpack-2.3.5/lib/action_controller/dispatcher.rb:114:in `call'
    /usr/local/lib/ruby/gems/1.8/gems/actionpack-2.3.5/lib/action_controller/reloader.rb:34:in `run'
    /usr/local/lib/ruby/gems/1.8/gems/actionpack-2.3.5/lib/action_controller/dispatcher.rb:108:in `call'
    /usr/local/lib/ruby/gems/1.8/gems/passenger-2.2.9/lib/phusion_passenger/rack/request_handler.rb:92:in `process_request'
    /usr/local/lib/ruby/gems/1.8/gems/passenger-2.2.9/lib/phusion_passenger/abstract_request_handler.rb:207:in `main_loop'
    /usr/local/lib/ruby/gems/1.8/gems/passenger-2.2.9/lib/phusion_passenger/railz/application_spawner.rb:400:in `start_request_handler'
    /usr/local/lib/ruby/gems/1.8/gems/passenger-2.2.9/lib/phusion_passenger/railz/application_spawner.rb:351:in `handle_spawn_application'
    /usr/local/lib/ruby/gems/1.8/gems/passenger-2.2.9/lib/phusion_passenger/utils.rb:184:in `safe_fork'
    /usr/local/lib/ruby/gems/1.8/gems/passenger-2.2.9/lib/phusion_passenger/railz/application_spawner.rb:349:in `handle_spawn_application'
    /usr/local/lib/ruby/gems/1.8/gems/passenger-2.2.9/lib/phusion_passenger/abstract_server.rb:352:in `__send__'
    /usr/local/lib/ruby/gems/1.8/gems/passenger-2.2.9/lib/phusion_passenger/abstract_server.rb:352:in `main_loop'
    /usr/local/lib/ruby/gems/1.8/gems/passenger-2.2.9/lib/phusion_passenger/abstract_server.rb:196:in `start_synchronously'
    /usr/local/lib/ruby/gems/1.8/gems/passenger-2.2.9/lib/phusion_passenger/abstract_server.rb:163:in `start'
    /usr/local/lib/ruby/gems/1.8/gems/passenger-2.2.9/lib/phusion_passenger/railz/application_spawner.rb:209:in `start'
    /usr/local/lib/ruby/gems/1.8/gems/passenger-2.2.9/lib/phusion_passenger/spawn_manager.rb:262:in `spawn_rails_application'
    /usr/local/lib/ruby/gems/1.8/gems/passenger-2.2.9/lib/phusion_passenger/abstract_server_collection.rb:126:in `lookup_or_add'
    /usr/local/lib/ruby/gems/1.8/gems/passenger-2.2.9/lib/phusion_passenger/spawn_manager.rb:256:in `spawn_rails_application'
    /usr/local/lib/ruby/gems/1.8/gems/passenger-2.2.9/lib/phusion_passenger/abstract_server_collection.rb:80:in `synchronize'
    /usr/local/lib/ruby/gems/1.8/gems/passenger-2.2.9/lib/phusion_passenger/abstract_server_collection.rb:79:in `synchronize'
    /usr/local/lib/ruby/gems/1.8/gems/passenger-2.2.9/lib/phusion_passenger/spawn_manager.rb:255:in `spawn_rails_application'
    /usr/local/lib/ruby/gems/1.8/gems/passenger-2.2.9/lib/phusion_passenger/spawn_manager.rb:154:in `spawn_application'
    /usr/local/lib/ruby/gems/1.8/gems/passenger-2.2.9/lib/phusion_passenger/spawn_manager.rb:287:in `handle_spawn_application'
    /usr/local/lib/ruby/gems/1.8/gems/passenger-2.2.9/lib/phusion_passenger/abstract_server.rb:352:in `__send__'
    /usr/local/lib/ruby/gems/1.8/gems/passenger-2.2.9/lib/phusion_passenger/abstract_server.rb:352:in `main_loop'
    /usr/local/lib/ruby/gems/1.8/gems/passenger-2.2.9/lib/phusion_passenger/abstract_server.rb:196:in `start_synchronously'
    /usr/local/lib/ruby/gems/1.8/gems/passenger-2.2.9/bin/passenger-spawn-server:61
/!\ FAILSAFE /!\  Wed Mar 03 20:22:58 -0500 2010
  Status: 500 Internal Server Error
  undefined local variable or method `request' for #<NimbleNodes::Middleware:0x102b74988>
    /usr/local/lib/ruby/gems/1.8/gems/nimble_nodes-0.1.1/lib/nimble_nodes/middleware.rb:9:in `call'
    /usr/local/lib/ruby/gems/1.8/gems/actionpack-2.3.5/lib/action_controller/string_coercion.rb:25:in `call'
    /usr/local/lib/ruby/gems/1.8/gems/rack-1.0.1/lib/rack/head.rb:9:in `call'
    /usr/local/lib/ruby/gems/1.8/gems/rack-1.0.1/lib/rack/methodoverride.rb:24:in `call'
    /usr/local/lib/ruby/gems/1.8/gems/actionpack-2.3.5/lib/action_controller/params_parser.rb:15:in `call'
    /usr/local/lib/ruby/gems/1.8/gems/actionpack-2.3.5/lib/action_controller/session/cookie_store.rb:93:in `call'
    /usr/local/lib/ruby/gems/1.8/gems/actionpack-2.3.5/lib/action_controller/failsafe.rb:26:in `call'
    /usr/local/lib/ruby/gems/1.8/gems/rack-1.0.1/lib/rack/lock.rb:11:in `call'
    /usr/local/lib/ruby/gems/1.8/gems/rack-1.0.1/lib/rack/lock.rb:11:in `synchronize'
    /usr/local/lib/ruby/gems/1.8/gems/rack-1.0.1/lib/rack/lock.rb:11:in `call'
    /usr/local/lib/ruby/gems/1.8/gems/actionpack-2.3.5/lib/action_controller/dispatcher.rb:114:in `call'
    /usr/local/lib/ruby/gems/1.8/gems/actionpack-2.3.5/lib/action_controller/reloader.rb:34:in `run'
    /usr/local/lib/ruby/gems/1.8/gems/actionpack-2.3.5/lib/action_controller/dispatcher.rb:108:in `call'
    /usr/local/lib/ruby/gems/1.8/gems/passenger-2.2.9/lib/phusion_passenger/rack/request_handler.rb:92:in `process_request'
    /usr/local/lib/ruby/gems/1.8/gems/passenger-2.2.9/lib/phusion_passenger/abstract_request_handler.rb:207:in `main_loop'
    /usr/local/lib/ruby/gems/1.8/gems/passenger-2.2.9/lib/phusion_passenger/railz/application_spawner.rb:400:in `start_request_handler'
    /usr/local/lib/ruby/gems/1.8/gems/passenger-2.2.9/lib/phusion_passenger/railz/application_spawner.rb:351:in `handle_spawn_application'
    /usr/local/lib/ruby/gems/1.8/gems/passenger-2.2.9/lib/phusion_passenger/utils.rb:184:in `safe_fork'
    /usr/local/lib/ruby/gems/1.8/gems/passenger-2.2.9/lib/phusion_passenger/railz/application_spawner.rb:349:in `handle_spawn_application'
    /usr/local/lib/ruby/gems/1.8/gems/passenger-2.2.9/lib/phusion_passenger/abstract_server.rb:352:in `__send__'
    /usr/local/lib/ruby/gems/1.8/gems/passenger-2.2.9/lib/phusion_passenger/abstract_server.rb:352:in `main_loop'
    /usr/local/lib/ruby/gems/1.8/gems/passenger-2.2.9/lib/phusion_passenger/abstract_server.rb:196:in `start_synchronously'
    /usr/local/lib/ruby/gems/1.8/gems/passenger-2.2.9/lib/phusion_passenger/abstract_server.rb:163:in `start'
    /usr/local/lib/ruby/gems/1.8/gems/passenger-2.2.9/lib/phusion_passenger/railz/application_spawner.rb:209:in `start'
    /usr/local/lib/ruby/gems/1.8/gems/passenger-2.2.9/lib/phusion_passenger/spawn_manager.rb:262:in `spawn_rails_application'
    /usr/local/lib/ruby/gems/1.8/gems/passenger-2.2.9/lib/phusion_passenger/abstract_server_collection.rb:126:in `lookup_or_add'
    /usr/local/lib/ruby/gems/1.8/gems/passenger-2.2.9/lib/phusion_passenger/spawn_manager.rb:256:in `spawn_rails_application'
    /usr/local/lib/ruby/gems/1.8/gems/passenger-2.2.9/lib/phusion_passenger/abstract_server_collection.rb:80:in `synchronize'
    /usr/local/lib/ruby/gems/1.8/gems/passenger-2.2.9/lib/phusion_passenger/abstract_server_collection.rb:79:in `synchronize'
    /usr/local/lib/ruby/gems/1.8/gems/passenger-2.2.9/lib/phusion_passenger/spawn_manager.rb:255:in `spawn_rails_application'
    /usr/local/lib/ruby/gems/1.8/gems/passenger-2.2.9/lib/phusion_passenger/spawn_manager.rb:154:in `spawn_application'
    /usr/local/lib/ruby/gems/1.8/gems/passenger-2.2.9/lib/phusion_passenger/spawn_manager.rb:287:in `handle_spawn_application'
    /usr/local/lib/ruby/gems/1.8/gems/passenger-2.2.9/lib/phusion_passenger/abstract_server.rb:352:in `__send__'
    /usr/local/lib/ruby/gems/1.8/gems/passenger-2.2.9/lib/phusion_passenger/abstract_server.rb:352:in `main_loop'
    /usr/local/lib/ruby/gems/1.8/gems/passenger-2.2.9/lib/phusion_passenger/abstract_server.rb:196:in `start_synchronously'
    /usr/local/lib/ruby/gems/1.8/gems/passenger-2.2.9/bin/passenger-spawn-server:61
/!\ FAILSAFE /!\  Wed Mar 03 20:26:19 -0500 2010
  Status: 500 Internal Server Error
  undefined local variable or method `request' for #<NimbleNodes::Middleware:0x102c61df0>
    /usr/local/lib/ruby/gems/1.8/gems/nimble_nodes-0.1.1/lib/nimble_nodes/middleware.rb:9:in `call'
    /usr/local/lib/ruby/gems/1.8/gems/actionpack-2.3.5/lib/action_controller/string_coercion.rb:25:in `call'
    /usr/local/lib/ruby/gems/1.8/gems/rack-1.0.1/lib/rack/head.rb:9:in `call'
    /usr/local/lib/ruby/gems/1.8/gems/rack-1.0.1/lib/rack/methodoverride.rb:24:in `call'
    /usr/local/lib/ruby/gems/1.8/gems/actionpack-2.3.5/lib/action_controller/params_parser.rb:15:in `call'
    /usr/local/lib/ruby/gems/1.8/gems/actionpack-2.3.5/lib/action_controller/session/cookie_store.rb:93:in `call'
    /usr/local/lib/ruby/gems/1.8/gems/actionpack-2.3.5/lib/action_controller/failsafe.rb:26:in `call'
    /usr/local/lib/ruby/gems/1.8/gems/rack-1.0.1/lib/rack/lock.rb:11:in `call'
    /usr/local/lib/ruby/gems/1.8/gems/rack-1.0.1/lib/rack/lock.rb:11:in `synchronize'
    /usr/local/lib/ruby/gems/1.8/gems/rack-1.0.1/lib/rack/lock.rb:11:in `call'
    /usr/local/lib/ruby/gems/1.8/gems/actionpack-2.3.5/lib/action_controller/dispatcher.rb:114:in `call'
    /usr/local/lib/ruby/gems/1.8/gems/actionpack-2.3.5/lib/action_controller/reloader.rb:34:in `run'
    /usr/local/lib/ruby/gems/1.8/gems/actionpack-2.3.5/lib/action_controller/dispatcher.rb:108:in `call'
    /usr/local/lib/ruby/gems/1.8/gems/passenger-2.2.9/lib/phusion_passenger/rack/request_handler.rb:92:in `process_request'
    /usr/local/lib/ruby/gems/1.8/gems/passenger-2.2.9/lib/phusion_passenger/abstract_request_handler.rb:207:in `main_loop'
    /usr/local/lib/ruby/gems/1.8/gems/passenger-2.2.9/lib/phusion_passenger/railz/application_spawner.rb:400:in `start_request_handler'
    /usr/local/lib/ruby/gems/1.8/gems/passenger-2.2.9/lib/phusion_passenger/railz/application_spawner.rb:351:in `handle_spawn_application'
    /usr/local/lib/ruby/gems/1.8/gems/passenger-2.2.9/lib/phusion_passenger/utils.rb:184:in `safe_fork'
    /usr/local/lib/ruby/gems/1.8/gems/passenger-2.2.9/lib/phusion_passenger/railz/application_spawner.rb:349:in `handle_spawn_application'
    /usr/local/lib/ruby/gems/1.8/gems/passenger-2.2.9/lib/phusion_passenger/abstract_server.rb:352:in `__send__'
    /usr/local/lib/ruby/gems/1.8/gems/passenger-2.2.9/lib/phusion_passenger/abstract_server.rb:352:in `main_loop'
    /usr/local/lib/ruby/gems/1.8/gems/passenger-2.2.9/lib/phusion_passenger/abstract_server.rb:196:in `start_synchronously'
    /usr/local/lib/ruby/gems/1.8/gems/passenger-2.2.9/lib/phusion_passenger/abstract_server.rb:163:in `start'
    /usr/local/lib/ruby/gems/1.8/gems/passenger-2.2.9/lib/phusion_passenger/railz/application_spawner.rb:209:in `start'
    /usr/local/lib/ruby/gems/1.8/gems/passenger-2.2.9/lib/phusion_passenger/spawn_manager.rb:262:in `spawn_rails_application'
    /usr/local/lib/ruby/gems/1.8/gems/passenger-2.2.9/lib/phusion_passenger/abstract_server_collection.rb:126:in `lookup_or_add'
    /usr/local/lib/ruby/gems/1.8/gems/passenger-2.2.9/lib/phusion_passenger/spawn_manager.rb:256:in `spawn_rails_application'
    /usr/local/lib/ruby/gems/1.8/gems/passenger-2.2.9/lib/phusion_passenger/abstract_server_collection.rb:80:in `synchronize'
    /usr/local/lib/ruby/gems/1.8/gems/passenger-2.2.9/lib/phusion_passenger/abstract_server_collection.rb:79:in `synchronize'
    /usr/local/lib/ruby/gems/1.8/gems/passenger-2.2.9/lib/phusion_passenger/spawn_manager.rb:255:in `spawn_rails_application'
    /usr/local/lib/ruby/gems/1.8/gems/passenger-2.2.9/lib/phusion_passenger/spawn_manager.rb:154:in `spawn_application'
    /usr/local/lib/ruby/gems/1.8/gems/passenger-2.2.9/lib/phusion_passenger/spawn_manager.rb:287:in `handle_spawn_application'
    /usr/local/lib/ruby/gems/1.8/gems/passenger-2.2.9/lib/phusion_passenger/abstract_server.rb:352:in `__send__'
    /usr/local/lib/ruby/gems/1.8/gems/passenger-2.2.9/lib/phusion_passenger/abstract_server.rb:352:in `main_loop'
    /usr/local/lib/ruby/gems/1.8/gems/passenger-2.2.9/lib/phusion_passenger/abstract_server.rb:196:in `start_synchronously'
    /usr/local/lib/ruby/gems/1.8/gems/passenger-2.2.9/bin/passenger-spawn-server:61
/!\ FAILSAFE /!\  Wed Mar 03 20:26:42 -0500 2010
  Status: 500 Internal Server Error
  undefined local variable or method `request' for #<NimbleNodes::Middleware:0x102c5a8c0>
    /usr/local/lib/ruby/gems/1.8/gems/nimble_nodes-0.1.1/lib/nimble_nodes/middleware.rb:9:in `call'
    /usr/local/lib/ruby/gems/1.8/gems/actionpack-2.3.5/lib/action_controller/string_coercion.rb:25:in `call'
    /usr/local/lib/ruby/gems/1.8/gems/rack-1.0.1/lib/rack/head.rb:9:in `call'
    /usr/local/lib/ruby/gems/1.8/gems/rack-1.0.1/lib/rack/methodoverride.rb:24:in `call'
    /usr/local/lib/ruby/gems/1.8/gems/actionpack-2.3.5/lib/action_controller/params_parser.rb:15:in `call'
    /usr/local/lib/ruby/gems/1.8/gems/actionpack-2.3.5/lib/action_controller/session/cookie_store.rb:93:in `call'
    /usr/local/lib/ruby/gems/1.8/gems/actionpack-2.3.5/lib/action_controller/failsafe.rb:26:in `call'
    /usr/local/lib/ruby/gems/1.8/gems/rack-1.0.1/lib/rack/lock.rb:11:in `call'
    /usr/local/lib/ruby/gems/1.8/gems/rack-1.0.1/lib/rack/lock.rb:11:in `synchronize'
    /usr/local/lib/ruby/gems/1.8/gems/rack-1.0.1/lib/rack/lock.rb:11:in `call'
    /usr/local/lib/ruby/gems/1.8/gems/actionpack-2.3.5/lib/action_controller/dispatcher.rb:114:in `call'
    /usr/local/lib/ruby/gems/1.8/gems/actionpack-2.3.5/lib/action_controller/reloader.rb:34:in `run'
    /usr/local/lib/ruby/gems/1.8/gems/actionpack-2.3.5/lib/action_controller/dispatcher.rb:108:in `call'
    /usr/local/lib/ruby/gems/1.8/gems/passenger-2.2.9/lib/phusion_passenger/rack/request_handler.rb:92:in `process_request'
    /usr/local/lib/ruby/gems/1.8/gems/passenger-2.2.9/lib/phusion_passenger/abstract_request_handler.rb:207:in `main_loop'
    /usr/local/lib/ruby/gems/1.8/gems/passenger-2.2.9/lib/phusion_passenger/railz/application_spawner.rb:400:in `start_request_handler'
    /usr/local/lib/ruby/gems/1.8/gems/passenger-2.2.9/lib/phusion_passenger/railz/application_spawner.rb:351:in `handle_spawn_application'
    /usr/local/lib/ruby/gems/1.8/gems/passenger-2.2.9/lib/phusion_passenger/utils.rb:184:in `safe_fork'
    /usr/local/lib/ruby/gems/1.8/gems/passenger-2.2.9/lib/phusion_passenger/railz/application_spawner.rb:349:in `handle_spawn_application'
    /usr/local/lib/ruby/gems/1.8/gems/passenger-2.2.9/lib/phusion_passenger/abstract_server.rb:352:in `__send__'
    /usr/local/lib/ruby/gems/1.8/gems/passenger-2.2.9/lib/phusion_passenger/abstract_server.rb:352:in `main_loop'
    /usr/local/lib/ruby/gems/1.8/gems/passenger-2.2.9/lib/phusion_passenger/abstract_server.rb:196:in `start_synchronously'
    /usr/local/lib/ruby/gems/1.8/gems/passenger-2.2.9/lib/phusion_passenger/abstract_server.rb:163:in `start'
    /usr/local/lib/ruby/gems/1.8/gems/passenger-2.2.9/lib/phusion_passenger/railz/application_spawner.rb:209:in `start'
    /usr/local/lib/ruby/gems/1.8/gems/passenger-2.2.9/lib/phusion_passenger/spawn_manager.rb:262:in `spawn_rails_application'
    /usr/local/lib/ruby/gems/1.8/gems/passenger-2.2.9/lib/phusion_passenger/abstract_server_collection.rb:126:in `lookup_or_add'
    /usr/local/lib/ruby/gems/1.8/gems/passenger-2.2.9/lib/phusion_passenger/spawn_manager.rb:256:in `spawn_rails_application'
    /usr/local/lib/ruby/gems/1.8/gems/passenger-2.2.9/lib/phusion_passenger/abstract_server_collection.rb:80:in `synchronize'
    /usr/local/lib/ruby/gems/1.8/gems/passenger-2.2.9/lib/phusion_passenger/abstract_server_collection.rb:79:in `synchronize'
    /usr/local/lib/ruby/gems/1.8/gems/passenger-2.2.9/lib/phusion_passenger/spawn_manager.rb:255:in `spawn_rails_application'
    /usr/local/lib/ruby/gems/1.8/gems/passenger-2.2.9/lib/phusion_passenger/spawn_manager.rb:154:in `spawn_application'
    /usr/local/lib/ruby/gems/1.8/gems/passenger-2.2.9/lib/phusion_passenger/spawn_manager.rb:287:in `handle_spawn_application'
    /usr/local/lib/ruby/gems/1.8/gems/passenger-2.2.9/lib/phusion_passenger/abstract_server.rb:352:in `__send__'
    /usr/local/lib/ruby/gems/1.8/gems/passenger-2.2.9/lib/phusion_passenger/abstract_server.rb:352:in `main_loop'
    /usr/local/lib/ruby/gems/1.8/gems/passenger-2.2.9/lib/phusion_passenger/abstract_server.rb:196:in `start_synchronously'
    /usr/local/lib/ruby/gems/1.8/gems/passenger-2.2.9/bin/passenger-spawn-server:61
/!\ FAILSAFE /!\  Wed Mar 03 20:28:16 -0500 2010
  Status: 500 Internal Server Error
  wrong number of arguments (1 for 0)
    /usr/local/lib/ruby/gems/1.8/gems/nimble_nodes-0.1.2/lib/nimble_nodes/middleware.rb:9:in `initialize'
    /usr/local/lib/ruby/gems/1.8/gems/nimble_nodes-0.1.2/lib/nimble_nodes/middleware.rb:9:in `new'
    /usr/local/lib/ruby/gems/1.8/gems/nimble_nodes-0.1.2/lib/nimble_nodes/middleware.rb:9:in `call'
    /usr/local/lib/ruby/gems/1.8/gems/actionpack-2.3.5/lib/action_controller/string_coercion.rb:25:in `call'
    /usr/local/lib/ruby/gems/1.8/gems/rack-1.0.1/lib/rack/head.rb:9:in `call'
    /usr/local/lib/ruby/gems/1.8/gems/rack-1.0.1/lib/rack/methodoverride.rb:24:in `call'
    /usr/local/lib/ruby/gems/1.8/gems/actionpack-2.3.5/lib/action_controller/params_parser.rb:15:in `call'
    /usr/local/lib/ruby/gems/1.8/gems/actionpack-2.3.5/lib/action_controller/session/cookie_store.rb:93:in `call'
    /usr/local/lib/ruby/gems/1.8/gems/actionpack-2.3.5/lib/action_controller/failsafe.rb:26:in `call'
    /usr/local/lib/ruby/gems/1.8/gems/rack-1.0.1/lib/rack/lock.rb:11:in `call'
    /usr/local/lib/ruby/gems/1.8/gems/rack-1.0.1/lib/rack/lock.rb:11:in `synchronize'
    /usr/local/lib/ruby/gems/1.8/gems/rack-1.0.1/lib/rack/lock.rb:11:in `call'
    /usr/local/lib/ruby/gems/1.8/gems/actionpack-2.3.5/lib/action_controller/dispatcher.rb:114:in `call'
    /usr/local/lib/ruby/gems/1.8/gems/actionpack-2.3.5/lib/action_controller/reloader.rb:34:in `run'
    /usr/local/lib/ruby/gems/1.8/gems/actionpack-2.3.5/lib/action_controller/dispatcher.rb:108:in `call'
    /usr/local/lib/ruby/gems/1.8/gems/passenger-2.2.9/lib/phusion_passenger/rack/request_handler.rb:92:in `process_request'
    /usr/local/lib/ruby/gems/1.8/gems/passenger-2.2.9/lib/phusion_passenger/abstract_request_handler.rb:207:in `main_loop'
    /usr/local/lib/ruby/gems/1.8/gems/passenger-2.2.9/lib/phusion_passenger/railz/application_spawner.rb:400:in `start_request_handler'
    /usr/local/lib/ruby/gems/1.8/gems/passenger-2.2.9/lib/phusion_passenger/railz/application_spawner.rb:351:in `handle_spawn_application'
    /usr/local/lib/ruby/gems/1.8/gems/passenger-2.2.9/lib/phusion_passenger/utils.rb:184:in `safe_fork'
    /usr/local/lib/ruby/gems/1.8/gems/passenger-2.2.9/lib/phusion_passenger/railz/application_spawner.rb:349:in `handle_spawn_application'
    /usr/local/lib/ruby/gems/1.8/gems/passenger-2.2.9/lib/phusion_passenger/abstract_server.rb:352:in `__send__'
    /usr/local/lib/ruby/gems/1.8/gems/passenger-2.2.9/lib/phusion_passenger/abstract_server.rb:352:in `main_loop'
    /usr/local/lib/ruby/gems/1.8/gems/passenger-2.2.9/lib/phusion_passenger/abstract_server.rb:196:in `start_synchronously'
    /usr/local/lib/ruby/gems/1.8/gems/passenger-2.2.9/lib/phusion_passenger/abstract_server.rb:163:in `start'
    /usr/local/lib/ruby/gems/1.8/gems/passenger-2.2.9/lib/phusion_passenger/railz/application_spawner.rb:209:in `start'
    /usr/local/lib/ruby/gems/1.8/gems/passenger-2.2.9/lib/phusion_passenger/spawn_manager.rb:262:in `spawn_rails_application'
    /usr/local/lib/ruby/gems/1.8/gems/passenger-2.2.9/lib/phusion_passenger/abstract_server_collection.rb:126:in `lookup_or_add'
    /usr/local/lib/ruby/gems/1.8/gems/passenger-2.2.9/lib/phusion_passenger/spawn_manager.rb:256:in `spawn_rails_application'
    /usr/local/lib/ruby/gems/1.8/gems/passenger-2.2.9/lib/phusion_passenger/abstract_server_collection.rb:80:in `synchronize'
    /usr/local/lib/ruby/gems/1.8/gems/passenger-2.2.9/lib/phusion_passenger/abstract_server_collection.rb:79:in `synchronize'
    /usr/local/lib/ruby/gems/1.8/gems/passenger-2.2.9/lib/phusion_passenger/spawn_manager.rb:255:in `spawn_rails_application'
    /usr/local/lib/ruby/gems/1.8/gems/passenger-2.2.9/lib/phusion_passenger/spawn_manager.rb:154:in `spawn_application'
    /usr/local/lib/ruby/gems/1.8/gems/passenger-2.2.9/lib/phusion_passenger/spawn_manager.rb:287:in `handle_spawn_application'
    /usr/local/lib/ruby/gems/1.8/gems/passenger-2.2.9/lib/phusion_passenger/abstract_server.rb:352:in `__send__'
    /usr/local/lib/ruby/gems/1.8/gems/passenger-2.2.9/lib/phusion_passenger/abstract_server.rb:352:in `main_loop'
    /usr/local/lib/ruby/gems/1.8/gems/passenger-2.2.9/lib/phusion_passenger/abstract_server.rb:196:in `start_synchronously'
    /usr/local/lib/ruby/gems/1.8/gems/passenger-2.2.9/bin/passenger-spawn-server:61


Processing TestController#index (for 127.0.0.1 at 2010-03-03 20:29:49) [GET]
Completed in 13ms (View: 5 | 200 OK [http://nimble-nodes-test.local/test]
